2025-05-16 16:14:31,547 INFO     scrapers.LFR_gpx_scraper: Fetching calendar page: https://www.la-flamme-rouge.eu/index.php
2025-05-16 16:14:33,755 INFO     scrapers.LFR_gpx_scraper: Discovered track ID 587221
2025-05-16 16:14:33,755 INFO     WDM: ====== WebDriver manager ======
2025-05-16 16:14:34,785 INFO     WDM: Get LATEST chromedriver version for google-chrome
2025-05-16 16:14:35,110 INFO     WDM: Get LATEST chromedriver version for google-chrome
2025-05-16 16:14:35,460 INFO     WDM: Driver [C:\Users\JBrea\.wdm\drivers\chromedriver\win64\136.0.7103.94\chromedriver-win32/chromedriver.exe] found in cache
2025-05-16 16:14:36,550 INFO     scrapers.LFR_gpx_scraper: Logging in to LFR
2025-05-16 16:14:59,012 INFO     scrapers.LFR_gpx_scraper: Login successful
2025-05-16 16:14:59,012 INFO     scrapers.LFR_gpx_scraper: Fetching GPX for track 587221
2025-05-16 16:15:16,415 ERROR    scrapers.LFR_gpx_scraper: Error during GPX download
Traceback (most recent call last):
  File "C:\Users\JBrea\pro-cycling-analysis\services\pipeline\scrapers\LFR_gpx_scraper.py", line 106, in get_gpx_files
    wait.until(EC.element_to_be_clickable((By.LINK_TEXT, "Export GPX"))).click()
    ^^^^^^^^^^^^^^^^^^^^^^^^^^^^^^^^^^^^^^^^^^^^^^^^^^^^^^^^^^^^^^^^^^^^
  File "C:\Users\JBrea\pro-cycling-analysis\.venv\Lib\site-packages\selenium\webdriver\support\wait.py", line 146, in until
    raise TimeoutException(message, screen, stacktrace)
selenium.common.exceptions.TimeoutException: Message: 
Stacktrace:
	GetHandleVerifier [0x00CBFC83+61635]
	GetHandleVerifier [0x00CBFCC4+61700]
	(No symbol) [0x00AE05D3]
	(No symbol) [0x00B2899E]
	(No symbol) [0x00B28D3B]
	(No symbol) [0x00B70E12]
	(No symbol) [0x00B4D2E4]
	(No symbol) [0x00B6E61B]
	(No symbol) [0x00B4D096]
	(No symbol) [0x00B1C840]
	(No symbol) [0x00B1D6A4]
	GetHandleVerifier [0x00F445A3+2701795]
	GetHandleVerifier [0x00F3FD26+2683238]
	GetHandleVerifier [0x00F5AA6E+2793134]
	GetHandleVerifier [0x00CD6945+155013]
	GetHandleVerifier [0x00CDD02D+181357]
	GetHandleVerifier [0x00CC74D8+92440]
	GetHandleVerifier [0x00CC7680+92864]
	GetHandleVerifier [0x00CB2070+5296]
	BaseThreadInitThunk [0x76C65D49+25]
	RtlInitializeExceptionChain [0x774BCF0B+107]
	RtlGetAppContainerNamedObjectPath [0x774BCE91+561]

2025-05-16 16:15:18,629 INFO     scrapers.LFR_gpx_scraper: WebDriver closed
2025-05-16 16:21:43,649 INFO     scrapers.LFR_gpx_scraper: Fetching calendar page: https://www.la-flamme-rouge.eu/index.php
2025-05-16 16:21:45,416 INFO     scrapers.LFR_gpx_scraper: Discovered track ID 587221
2025-05-16 16:21:45,417 INFO     WDM: ====== WebDriver manager ======
2025-05-16 16:21:46,475 INFO     WDM: Get LATEST chromedriver version for google-chrome
2025-05-16 16:21:46,709 INFO     WDM: Get LATEST chromedriver version for google-chrome
2025-05-16 16:21:47,160 INFO     WDM: Driver [C:\Users\JBrea\.wdm\drivers\chromedriver\win64\136.0.7103.94\chromedriver-win32/chromedriver.exe] found in cache
2025-05-16 16:21:48,274 INFO     scrapers.LFR_gpx_scraper: Logging in to LFR
2025-05-16 16:22:13,291 INFO     scrapers.LFR_gpx_scraper: Login successful, dismissing post login banners
2025-05-16 16:22:13,434 INFO     scrapers.LFR_gpx_scraper: Post-login cookie consent dismissed
2025-05-16 16:22:13,434 INFO     scrapers.LFR_gpx_scraper: Fetching GPX for track 587221
2025-05-16 16:22:22,536 INFO     scrapers.LFR_gpx_scraper: Clicked GPX export for 587221
2025-05-16 16:22:24,730 INFO     scrapers.LFR_gpx_scraper: WebDriver closed
2025-05-16 16:30:09,183 INFO     scrapers.LFR_gpx_scraper: Fetching calendar page: https://www.la-flamme-rouge.eu/index.php
2025-05-16 16:30:12,988 INFO     scrapers.LFR_gpx_scraper: Discovered track ID 587221
2025-05-16 16:30:12,988 INFO     WDM: ====== WebDriver manager ======
2025-05-16 16:30:14,021 INFO     WDM: Get LATEST chromedriver version for google-chrome
2025-05-16 16:30:14,647 INFO     WDM: Get LATEST chromedriver version for google-chrome
2025-05-16 16:30:14,978 INFO     WDM: Driver [C:\Users\JBrea\.wdm\drivers\chromedriver\win64\136.0.7103.94\chromedriver-win32/chromedriver.exe] found in cache
2025-05-16 16:30:16,065 INFO     scrapers.LFR_gpx_scraper: Logging in to LFR
2025-05-16 16:30:40,445 INFO     scrapers.LFR_gpx_scraper: Login successful, dismissing post login banners
2025-05-16 16:30:40,658 INFO     scrapers.LFR_gpx_scraper: Post-login cookie consent dismissed
2025-05-16 16:30:40,659 INFO     scrapers.LFR_gpx_scraper: Fetching GPX for track 587221
2025-05-16 16:30:48,096 INFO     scrapers.LFR_gpx_scraper: Clicked GPX export for 587221
2025-05-16 16:31:08,098 INFO     scrapers.LFR_gpx_scraper: Waiting for download to complete
2025-05-16 16:31:10,330 INFO     scrapers.LFR_gpx_scraper: WebDriver closed
2025-05-16 16:48:59,290 INFO     scrapers.LFR_gpx_scraper: Fetching calendar page: https://www.la-flamme-rouge.eu/index.php
2025-05-16 16:49:02,373 INFO     scrapers.LFR_gpx_scraper: Discovered track ID 587221
2025-05-16 16:49:02,374 INFO     WDM: ====== WebDriver manager ======
2025-05-16 16:49:03,492 INFO     WDM: Get LATEST chromedriver version for google-chrome
2025-05-16 16:49:04,599 INFO     WDM: Get LATEST chromedriver version for google-chrome
2025-05-16 16:49:05,170 INFO     WDM: Driver [C:\Users\JBrea\.wdm\drivers\chromedriver\win64\136.0.7103.94\chromedriver-win32/chromedriver.exe] found in cache
2025-05-16 16:49:06,294 INFO     scrapers.LFR_gpx_scraper: Logging in to LFR
2025-05-16 16:49:29,645 INFO     scrapers.LFR_gpx_scraper: Login successful, dismissing post login banners
2025-05-16 16:49:29,778 INFO     scrapers.LFR_gpx_scraper: Post-login cookie consent dismissed
2025-05-16 16:49:29,779 INFO     scrapers.LFR_gpx_scraper: Fetching GPX for track 587221
2025-05-16 16:49:38,117 INFO     scrapers.LFR_gpx_scraper: Clicked GPX export for 587221
2025-05-16 16:49:42,126 INFO     scrapers.LFR_gpx_scraper: Download complete: C:\Users\JBrea\pro-cycling-analysis\services\pipeline\Users\JBrea\pro-cycling-analysis\services\pipeline\data\raw\marsia-2025.gpx
2025-05-16 16:49:44,356 INFO     scrapers.LFR_gpx_scraper: WebDriver closed
2025-05-16 16:53:14,987 INFO     scrapers.LFR_gpx_scraper: Fetching calendar page: https://www.la-flamme-rouge.eu/index.php
2025-05-16 16:53:17,997 INFO     scrapers.LFR_gpx_scraper: Discovered track ID 587221
2025-05-16 16:53:17,999 INFO     WDM: ====== WebDriver manager ======
2025-05-16 16:53:19,043 INFO     WDM: Get LATEST chromedriver version for google-chrome
2025-05-16 16:53:19,677 INFO     WDM: Get LATEST chromedriver version for google-chrome
2025-05-16 16:53:19,888 INFO     WDM: Driver [C:\Users\JBrea\.wdm\drivers\chromedriver\win64\136.0.7103.94\chromedriver-win32/chromedriver.exe] found in cache
2025-05-16 16:53:21,029 INFO     scrapers.LFR_gpx_scraper: Logging in to LFR
2025-05-16 16:53:43,656 INFO     scrapers.LFR_gpx_scraper: Login successful, dismissing post login banners
2025-05-16 16:53:43,792 INFO     scrapers.LFR_gpx_scraper: Post-login cookie consent dismissed
2025-05-16 16:53:43,792 INFO     scrapers.LFR_gpx_scraper: Fetching GPX for track 587221
2025-05-16 16:53:57,837 INFO     scrapers.LFR_gpx_scraper: Clicked GPX export for 587221
2025-05-16 16:54:02,348 INFO     scrapers.LFR_gpx_scraper: Download complete: C:\Users\JBrea\pro-cycling-analysis\services\pipeline\data\raw\marsia-2025.gpx
2025-05-16 16:54:06,160 INFO     scrapers.LFR_gpx_scraper: WebDriver closed
2025-05-17 12:32:42,290 INFO     scrapers.LFR_gpx_scraper: Fetching calendar page: https://www.la-flamme-rouge.eu/index.php
2025-05-17 12:32:43,533 INFO     scrapers.LFR_gpx_scraper: Discovered track ID 587244
2025-05-17 12:32:43,533 INFO     WDM: ====== WebDriver manager ======
2025-05-17 12:32:44,556 INFO     WDM: Get LATEST chromedriver version for google-chrome
2025-05-17 12:32:44,665 INFO     WDM: Get LATEST chromedriver version for google-chrome
2025-05-17 12:32:44,776 INFO     WDM: Get LATEST chromedriver version for google-chrome
2025-05-17 12:32:45,327 INFO     WDM: WebDriver version 136.0.7103.94 selected
2025-05-17 12:32:45,327 INFO     WDM: Modern chrome version https://storage.googleapis.com/chrome-for-testing-public/136.0.7103.94/win32/chromedriver-win32.zip
2025-05-17 12:32:45,327 INFO     WDM: About to download new driver from https://storage.googleapis.com/chrome-for-testing-public/136.0.7103.94/win32/chromedriver-win32.zip
2025-05-17 12:32:45,428 INFO     WDM: Driver downloading response is 200
2025-05-17 12:32:49,412 INFO     WDM: Get LATEST chromedriver version for google-chrome
2025-05-17 12:32:49,603 INFO     WDM: Driver has been saved in cache [C:\Users\JBrea\.wdm\drivers\chromedriver\win64\136.0.7103.94]
2025-05-17 12:32:50,738 INFO     scrapers.LFR_gpx_scraper: Logging in to LFR
2025-05-17 12:33:12,361 INFO     scrapers.LFR_gpx_scraper: Login successful, dismissing post login banners
2025-05-17 12:33:12,517 INFO     scrapers.LFR_gpx_scraper: Post-login cookie consent dismissed
2025-05-17 12:33:12,518 INFO     scrapers.LFR_gpx_scraper: Fetching GPX for track 587244
2025-05-17 12:33:21,238 INFO     scrapers.LFR_gpx_scraper: Clicked GPX export for 587244
2025-05-17 12:33:22,741 INFO     scrapers.LFR_gpx_scraper: Download complete: ['C:\\Users\\JBrea\\pro-cycling-analysis\\services\\pipeline\\data\\raw\\giro-2025-stage-8.gpx']
2025-05-17 12:33:24,975 INFO     scrapers.LFR_gpx_scraper: WebDriver closed
2025-05-17 13:03:08,127 INFO     scrapers.LFR_gpx_scraper: Fetching calendar page: https://www.la-flamme-rouge.eu/index.php
2025-05-17 13:03:09,614 INFO     scrapers.LFR_gpx_scraper: Discovered track: 2025 Giro d'Italia Stage 8 -> 587244
2025-05-17 13:03:09,614 INFO     WDM: ====== WebDriver manager ======
2025-05-17 13:03:10,617 INFO     WDM: Get LATEST chromedriver version for google-chrome
2025-05-17 13:03:10,786 INFO     WDM: Get LATEST chromedriver version for google-chrome
2025-05-17 13:03:10,969 INFO     WDM: Driver [C:\Users\JBrea\.wdm\drivers\chromedriver\win64\136.0.7103.94\chromedriver-win32/chromedriver.exe] found in cache
2025-05-17 13:03:12,088 INFO     scrapers.LFR_gpx_scraper: Logging in to LFR
2025-05-17 13:03:30,901 INFO     scrapers.LFR_gpx_scraper: Login successful, dismissing post login banners
2025-05-17 13:03:31,017 INFO     scrapers.LFR_gpx_scraper: Post-login cookie consent dismissed
2025-05-17 13:03:31,017 INFO     scrapers.LFR_gpx_scraper: Fetching GPX for track '2025 Giro d'Italia Stage 8' (ID: 587244)
2025-05-17 13:03:56,126 INFO     scrapers.LFR_gpx_scraper: WebDriver closed
2025-05-17 13:07:39,867 INFO     scrapers.LFR_gpx_scraper: Fetching calendar page: https://www.la-flamme-rouge.eu/index.php
2025-05-17 13:07:41,186 INFO     scrapers.LFR_gpx_scraper: Discovered track: 2025 Giro d'Italia Stage 8 -> 587244
2025-05-17 13:07:41,186 INFO     WDM: ====== WebDriver manager ======
2025-05-17 13:07:42,202 INFO     WDM: Get LATEST chromedriver version for google-chrome
2025-05-17 13:07:42,282 INFO     WDM: Get LATEST chromedriver version for google-chrome
2025-05-17 13:07:42,362 INFO     WDM: Driver [C:\Users\JBrea\.wdm\drivers\chromedriver\win64\136.0.7103.94\chromedriver-win32/chromedriver.exe] found in cache
2025-05-17 13:07:43,482 INFO     scrapers.LFR_gpx_scraper: Logging in to LFR
2025-05-17 13:08:02,356 INFO     scrapers.LFR_gpx_scraper: Login successful, dismissing post login banners
2025-05-17 13:08:02,469 INFO     scrapers.LFR_gpx_scraper: Post-login cookie consent dismissed
2025-05-17 13:08:02,469 INFO     scrapers.LFR_gpx_scraper: Fetching GPX for track '2025 Giro d'Italia Stage 8' (ID: 587244)
2025-05-17 13:08:08,460 INFO     scrapers.LFR_gpx_scraper: url = https://www.la-flamme-rouge.eu/maps/viewtrack/587244
2025-05-17 13:08:08,690 INFO     scrapers.LFR_gpx_scraper: Clicked GPX export for 587244
2025-05-17 13:08:10,694 INFO     scrapers.LFR_gpx_scraper: Download complete: ['C:\\Users\\JBrea\\pro-cycling-analysis\\services\\pipeline\\data\\raw\\giro-2025-stage-8 (1).gpx']
2025-05-17 13:08:12,900 INFO     scrapers.LFR_gpx_scraper: WebDriver closed
2025-05-17 13:12:05,192 INFO     scrapers.LFR_gpx_scraper: Fetching calendar page: https://www.la-flamme-rouge.eu/index.php
2025-05-17 13:12:15,441 WARNING  urllib3.connectionpool: Retrying (Retry(total=4, connect=None, read=None, redirect=None, status=None)) after connection broken by 'ReadTimeoutError("HTTPSConnectionPool(host='www.la-flamme-rouge.eu', port=443): Read timed out. (read timeout=10)")': /index.php
2025-05-17 13:12:27,587 WARNING  urllib3.connectionpool: Retrying (Retry(total=3, connect=None, read=None, redirect=None, status=None)) after connection broken by 'ReadTimeoutError("HTTPSConnectionPool(host='www.la-flamme-rouge.eu', port=443): Read timed out. (read timeout=10)")': /index.php
2025-05-17 13:12:41,754 WARNING  urllib3.connectionpool: Retrying (Retry(total=2, connect=None, read=None, redirect=None, status=None)) after connection broken by 'ReadTimeoutError("HTTPSConnectionPool(host='www.la-flamme-rouge.eu', port=443): Read timed out. (read timeout=10)")': /index.php
2025-05-17 13:12:51,118 INFO     scrapers.LFR_gpx_scraper: Discovered track: 2025 Giro d'Italia Stage 8 -> 587244
2025-05-17 13:12:51,118 INFO     WDM: ====== WebDriver manager ======
2025-05-17 13:12:52,168 INFO     WDM: Get LATEST chromedriver version for google-chrome
2025-05-17 13:12:52,241 INFO     WDM: Get LATEST chromedriver version for google-chrome
2025-05-17 13:12:52,332 INFO     WDM: Driver [C:\Users\JBrea\.wdm\drivers\chromedriver\win64\136.0.7103.94\chromedriver-win32/chromedriver.exe] found in cache
2025-05-17 13:12:53,464 INFO     scrapers.LFR_gpx_scraper: Logging in to LFR
2025-05-17 13:13:17,912 INFO     scrapers.LFR_gpx_scraper: Login successful, dismissing post login banners
2025-05-17 13:13:18,032 INFO     scrapers.LFR_gpx_scraper: Post-login cookie consent dismissed
2025-05-17 13:13:18,032 INFO     scrapers.LFR_gpx_scraper: Fetching GPX for track '2025 Giro d'Italia Stage 8' (ID: 587244)
2025-05-17 13:13:25,872 INFO     scrapers.LFR_gpx_scraper: url = https://www.la-flamme-rouge.eu/maps/viewtrack/587244
2025-05-17 13:13:26,079 INFO     scrapers.LFR_gpx_scraper: Clicked GPX export for 587244
2025-05-17 13:13:29,588 INFO     scrapers.LFR_gpx_scraper: Download complete: ['C:\\Users\\JBrea\\pro-cycling-analysis\\services\\pipeline\\data\\raw\\giro-2025-stage-8 (2).gpx']
2025-05-17 13:13:29,590 INFO     scrapers.LFR_gpx_scraper: Renaming to C:\Users\JBrea\pro-cycling-analysis\services\pipeline\data\raw\2025 Giro d_Italia Stage 8.gpx
2025-05-17 13:13:31,843 INFO     scrapers.LFR_gpx_scraper: WebDriver closed
2025-05-17 13:14:37,881 INFO     scrapers.LFR_gpx_scraper: Fetching calendar page: https://www.la-flamme-rouge.eu/index.php
2025-05-17 13:14:39,089 INFO     scrapers.LFR_gpx_scraper: Discovered track: 2025 Giro d'Italia Stage 8 -> 587244
2025-05-17 13:14:39,091 INFO     WDM: ====== WebDriver manager ======
2025-05-17 13:14:40,133 INFO     WDM: Get LATEST chromedriver version for google-chrome
2025-05-17 13:14:40,207 INFO     WDM: Get LATEST chromedriver version for google-chrome
2025-05-17 13:14:40,285 INFO     WDM: Driver [C:\Users\JBrea\.wdm\drivers\chromedriver\win64\136.0.7103.94\chromedriver-win32/chromedriver.exe] found in cache
2025-05-17 13:14:41,384 INFO     scrapers.LFR_gpx_scraper: Logging in to LFR
2025-05-17 13:15:00,038 INFO     scrapers.LFR_gpx_scraper: Login successful, dismissing post login banners
2025-05-17 13:15:00,168 INFO     scrapers.LFR_gpx_scraper: Post-login cookie consent dismissed
2025-05-17 13:15:00,168 INFO     scrapers.LFR_gpx_scraper: Fetching GPX for track '2025 Giro d'Italia Stage 8' (ID: 587244)
2025-05-17 13:19:00,203 WARNING  urllib3.connectionpool: Retrying (Retry(total=2, connect=None, read=None, redirect=None, status=None)) after connection broken by 'ReadTimeoutError("HTTPConnectionPool(host='localhost', port=53355): Read timed out. (read timeout=120)")': /session/ac64d8855ef8e0a3e87d2510d6092519
2025-05-17 13:20:02,404 INFO     scrapers.LFR_gpx_scraper: WebDriver closed
2025-05-17 13:22:02,810 INFO     scrapers.LFR_gpx_scraper: Fetching calendar page: https://www.la-flamme-rouge.eu/index.php
2025-05-17 13:22:05,559 INFO     scrapers.LFR_gpx_scraper: Discovered track: 2025 Giro d'Italia Stage 8 -> 587244
2025-05-17 13:22:05,559 INFO     WDM: ====== WebDriver manager ======
2025-05-17 13:22:06,596 INFO     WDM: Get LATEST chromedriver version for google-chrome
2025-05-17 13:22:06,683 INFO     WDM: Get LATEST chromedriver version for google-chrome
2025-05-17 13:22:06,768 INFO     WDM: Driver [C:\Users\JBrea\.wdm\drivers\chromedriver\win64\136.0.7103.94\chromedriver-win32/chromedriver.exe] found in cache
2025-05-17 13:22:07,908 INFO     scrapers.LFR_gpx_scraper: Logging in to LFR
2025-05-17 13:22:26,816 INFO     scrapers.LFR_gpx_scraper: Login successful, dismissing post login banners
2025-05-17 13:22:26,942 INFO     scrapers.LFR_gpx_scraper: Post-login cookie consent dismissed
2025-05-17 13:22:26,942 INFO     scrapers.LFR_gpx_scraper: Fetching GPX for track '2025 Giro d'Italia Stage 8' (ID: 587244)
2025-05-17 13:22:32,780 INFO     scrapers.LFR_gpx_scraper: url = https://www.la-flamme-rouge.eu/maps/viewtrack/587244
2025-05-17 13:22:36,138 INFO     scrapers.LFR_gpx_scraper: WebDriver closed
2025-05-17 13:32:33,299 INFO     scrapers.LFR_gpx_scraper: Fetching calendar page: https://www.la-flamme-rouge.eu/index.php
2025-05-17 13:32:35,117 INFO     scrapers.LFR_gpx_scraper: Discovered track: 2025 Giro d'Italia Stage 8 -> 587244
2025-05-17 13:32:35,117 INFO     WDM: ====== WebDriver manager ======
2025-05-17 13:32:36,160 INFO     WDM: Get LATEST chromedriver version for google-chrome
2025-05-17 13:32:36,304 INFO     WDM: Get LATEST chromedriver version for google-chrome
2025-05-17 13:32:36,385 INFO     WDM: Driver [C:\Users\JBrea\.wdm\drivers\chromedriver\win64\136.0.7103.94\chromedriver-win32/chromedriver.exe] found in cache
2025-05-17 13:32:37,494 INFO     scrapers.LFR_gpx_scraper: Logging in to LFR
2025-05-17 13:33:00,695 INFO     scrapers.LFR_gpx_scraper: Login successful, dismissing post login banners
2025-05-17 13:33:00,817 INFO     scrapers.LFR_gpx_scraper: Post-login cookie consent dismissed
2025-05-17 13:33:00,817 INFO     scrapers.LFR_gpx_scraper: Fetching GPX for track '2025 Giro d'Italia Stage 8' (ID: 587244)
2025-05-17 13:33:09,933 INFO     scrapers.LFR_gpx_scraper: url = https://www.la-flamme-rouge.eu/maps/viewtrack/587244
2025-05-17 13:33:10,215 INFO     scrapers.LFR_gpx_scraper: Clicked GPX export for 587244
2025-05-17 13:33:13,730 INFO     scrapers.LFR_gpx_scraper: Download complete: ['C:\\Users\\JBrea\\pro-cycling-analysis\\services\\pipeline\\data\\raw\\giro-2025-stage-8 (3).gpx']
2025-05-17 13:33:13,730 INFO     scrapers.LFR_gpx_scraper: Renaming to C:\Users\JBrea\pro-cycling-analysis\services\pipeline\data\raw\2025 Giro d'Italia Stage 8.gpx
2025-05-17 13:33:15,927 INFO     scrapers.LFR_gpx_scraper: WebDriver closed
2025-05-17 13:37:50,286 INFO     scrapers.LFR_gpx_scraper: Fetching calendar page: https://www.la-flamme-rouge.eu/index.php
2025-05-17 13:37:51,547 INFO     scrapers.LFR_gpx_scraper: Discovered track: 2025 Giro d'Italia Stage 8 -> 587244
2025-05-17 13:37:51,547 INFO     WDM: ====== WebDriver manager ======
2025-05-17 13:37:52,552 INFO     WDM: Get LATEST chromedriver version for google-chrome
2025-05-17 13:37:52,648 INFO     WDM: Get LATEST chromedriver version for google-chrome
2025-05-17 13:37:52,729 INFO     WDM: Driver [C:\Users\JBrea\.wdm\drivers\chromedriver\win64\136.0.7103.94\chromedriver-win32/chromedriver.exe] found in cache
2025-05-17 13:37:53,826 INFO     scrapers.LFR_gpx_scraper: Logging in to LFR
2025-05-17 13:38:12,709 INFO     scrapers.LFR_gpx_scraper: Login successful, dismissing post login banners
2025-05-17 13:38:12,883 INFO     scrapers.LFR_gpx_scraper: Post-login cookie consent dismissed
2025-05-17 13:38:12,883 INFO     scrapers.LFR_gpx_scraper: Fetching GPX for track '2025 Giro d'Italia Stage 8' (ID: 587244)
2025-05-17 13:38:18,805 INFO     scrapers.LFR_gpx_scraper: url = https://www.la-flamme-rouge.eu/maps/viewtrack/587244
2025-05-17 13:38:22,395 INFO     scrapers.LFR_gpx_scraper: WebDriver closed
2025-05-17 13:45:43,525 INFO     scrapers.LFR_gpx_scraper: Fetching calendar page: https://www.la-flamme-rouge.eu/index.php
2025-05-17 13:45:44,829 INFO     scrapers.LFR_gpx_scraper: Discovered track: 2025 Giro d'Italia Stage 8 -> 587244
2025-05-17 13:45:44,829 INFO     WDM: ====== WebDriver manager ======
2025-05-17 13:45:46,008 INFO     WDM: Get LATEST chromedriver version for google-chrome
2025-05-17 13:45:46,088 INFO     WDM: Get LATEST chromedriver version for google-chrome
2025-05-17 13:45:46,161 INFO     WDM: Driver [C:\Users\JBrea\.wdm\drivers\chromedriver\win64\136.0.7103.94\chromedriver-win32/chromedriver.exe] found in cache
2025-05-17 13:45:47,272 INFO     scrapers.LFR_gpx_scraper: Logging in to LFR
2025-05-17 13:46:06,457 INFO     scrapers.LFR_gpx_scraper: Login successful, dismissing post login banners
2025-05-17 13:46:06,606 INFO     scrapers.LFR_gpx_scraper: Post-login cookie consent dismissed
2025-05-17 13:46:06,606 INFO     scrapers.LFR_gpx_scraper: Fetching GPX for track '2025 Giro d'Italia Stage 8' (ID: 587244)
2025-05-17 13:46:15,895 INFO     scrapers.LFR_gpx_scraper: url = https://www.la-flamme-rouge.eu/maps/viewtrack/587244
2025-05-17 13:46:15,975 INFO     scrapers.LFR_gpx_scraper: No ad pop up found
2025-05-17 13:46:16,007 INFO     scrapers.LFR_gpx_scraper: No ad pop up found
2025-05-17 13:46:16,057 INFO     scrapers.LFR_gpx_scraper: No ad pop up found
2025-05-17 13:46:16,071 INFO     scrapers.LFR_gpx_scraper: No ad pop up found
2025-05-17 13:46:16,114 INFO     scrapers.LFR_gpx_scraper: No ad pop up found
2025-05-17 13:46:16,143 INFO     scrapers.LFR_gpx_scraper: No ad pop up found
2025-05-17 13:46:16,171 INFO     scrapers.LFR_gpx_scraper: No ad pop up found
2025-05-17 13:46:16,214 INFO     scrapers.LFR_gpx_scraper: No ad pop up found
2025-05-17 13:46:16,238 INFO     scrapers.LFR_gpx_scraper: No ad pop up found
2025-05-17 13:46:16,270 INFO     scrapers.LFR_gpx_scraper: No ad pop up found
2025-05-17 13:46:16,314 INFO     scrapers.LFR_gpx_scraper: No ad pop up found
2025-05-17 13:46:16,337 INFO     scrapers.LFR_gpx_scraper: No ad pop up found
2025-05-17 13:46:16,370 INFO     scrapers.LFR_gpx_scraper: No ad pop up found
2025-05-17 13:46:16,408 INFO     scrapers.LFR_gpx_scraper: No ad pop up found
2025-05-17 13:46:16,437 INFO     scrapers.LFR_gpx_scraper: No ad pop up found
2025-05-17 13:46:16,471 INFO     scrapers.LFR_gpx_scraper: No ad pop up found
2025-05-17 13:46:16,506 INFO     scrapers.LFR_gpx_scraper: No ad pop up found
2025-05-17 13:46:16,521 INFO     scrapers.LFR_gpx_scraper: No ad pop up found
2025-05-17 13:46:16,556 INFO     scrapers.LFR_gpx_scraper: No ad pop up found
2025-05-17 13:46:16,745 INFO     scrapers.LFR_gpx_scraper: Clicked GPX export for 587244
2025-05-17 13:46:19,754 INFO     scrapers.LFR_gpx_scraper: Download complete: {'C:\\Users\\JBrea\\pro-cycling-analysis\\services\\pipeline\\data\\raw\\giro-2025-stage-8 (4).gpx'}
2025-05-17 13:46:19,754 INFO     scrapers.LFR_gpx_scraper: Renaming to C:\Users\JBrea\pro-cycling-analysis\services\pipeline\data\raw\2025 Giro d'Italia Stage 8.gpx
2025-05-17 13:46:22,009 INFO     scrapers.LFR_gpx_scraper: WebDriver closed
2025-05-17 13:48:49,385 INFO     scrapers.LFR_gpx_scraper: Fetching calendar page: https://www.la-flamme-rouge.eu/index.php
2025-05-17 13:48:50,758 INFO     scrapers.LFR_gpx_scraper: Discovered track: 2025 Giro d'Italia Stage 8 -> 587244
2025-05-17 13:48:50,758 INFO     WDM: ====== WebDriver manager ======
2025-05-17 13:48:51,817 INFO     WDM: Get LATEST chromedriver version for google-chrome
2025-05-17 13:48:51,895 INFO     WDM: Get LATEST chromedriver version for google-chrome
2025-05-17 13:48:54,989 INFO     WDM: Driver [C:\Users\JBrea\.wdm\drivers\chromedriver\win64\136.0.7103.94\chromedriver-win32/chromedriver.exe] found in cache
2025-05-17 13:48:56,079 INFO     scrapers.LFR_gpx_scraper: Logging in to LFR
2025-05-17 13:49:15,182 INFO     scrapers.LFR_gpx_scraper: Login successful, dismissing post login banners
2025-05-17 13:49:15,306 INFO     scrapers.LFR_gpx_scraper: Post-login cookie consent dismissed
2025-05-17 13:49:15,306 INFO     scrapers.LFR_gpx_scraper: Fetching GPX for track '2025 Giro d'Italia Stage 8' (ID: 587244)
2025-05-17 13:49:21,764 INFO     scrapers.LFR_gpx_scraper: url = https://www.la-flamme-rouge.eu/maps/viewtrack/587244
2025-05-17 13:49:21,897 INFO     scrapers.LFR_gpx_scraper: No ad pop up found
2025-05-17 13:49:21,942 INFO     scrapers.LFR_gpx_scraper: No ad pop up found
2025-05-17 13:49:21,979 INFO     scrapers.LFR_gpx_scraper: No ad pop up found
2025-05-17 13:49:22,014 INFO     scrapers.LFR_gpx_scraper: No ad pop up found
2025-05-17 13:49:22,056 INFO     scrapers.LFR_gpx_scraper: No ad pop up found
2025-05-17 13:49:22,121 INFO     scrapers.LFR_gpx_scraper: No ad pop up found
2025-05-17 13:49:22,153 INFO     scrapers.LFR_gpx_scraper: No ad pop up found
2025-05-17 13:49:22,209 INFO     scrapers.LFR_gpx_scraper: No ad pop up found
2025-05-17 13:49:22,228 INFO     scrapers.LFR_gpx_scraper: No ad pop up found
2025-05-17 13:49:22,283 INFO     scrapers.LFR_gpx_scraper: No ad pop up found
2025-05-17 13:49:22,315 INFO     scrapers.LFR_gpx_scraper: No ad pop up found
2025-05-17 13:49:22,350 INFO     scrapers.LFR_gpx_scraper: No ad pop up found
2025-05-17 13:49:22,380 INFO     scrapers.LFR_gpx_scraper: No ad pop up found
2025-05-17 13:49:22,413 INFO     scrapers.LFR_gpx_scraper: No ad pop up found
2025-05-17 13:49:22,450 INFO     scrapers.LFR_gpx_scraper: No ad pop up found
2025-05-17 13:49:22,486 INFO     scrapers.LFR_gpx_scraper: No ad pop up found
2025-05-17 13:49:22,520 INFO     scrapers.LFR_gpx_scraper: No ad pop up found
2025-05-17 13:49:22,550 INFO     scrapers.LFR_gpx_scraper: No ad pop up found
2025-05-17 13:49:22,752 INFO     scrapers.LFR_gpx_scraper: Clicked GPX export for 587244
2025-05-17 13:49:26,259 INFO     scrapers.LFR_gpx_scraper: Download complete: C:\Users\JBrea\pro-cycling-analysis\services\pipeline\data\raw\giro-2025-stage-8 (5).gpx
2025-05-17 13:49:26,259 INFO     scrapers.LFR_gpx_scraper: Renaming to C:\Users\JBrea\pro-cycling-analysis\services\pipeline\data\raw\2025 Giro d'Italia Stage 8.gpx
2025-05-17 13:49:26,263 INFO     scrapers.LFR_gpx_scraper: Renamed GPX to: C:\Users\JBrea\pro-cycling-analysis\services\pipeline\data\raw\2025 Giro d'Italia Stage 8.gpx
2025-05-17 13:49:28,491 INFO     scrapers.LFR_gpx_scraper: WebDriver closed
2025-05-17 16:44:42,116 INFO     scrapers.LFR_gpx_scraper: Fetching calendar page: https://www.la-flamme-rouge.eu/index.php
2025-05-17 16:44:43,819 INFO     scrapers.LFR_gpx_scraper: Discovered track: 2025 Giro d'Italia Stage 8 -> 587244
2025-05-17 16:44:43,819 INFO     WDM: ====== WebDriver manager ======
2025-05-17 16:44:46,158 INFO     WDM: Get LATEST chromedriver version for google-chrome
2025-05-17 16:44:46,746 INFO     WDM: Get LATEST chromedriver version for google-chrome
2025-05-17 16:44:48,095 INFO     WDM: Driver [C:\Users\JBrea\.wdm\drivers\chromedriver\win64\136.0.7103.94\chromedriver-win32/chromedriver.exe] found in cache
2025-05-17 16:44:49,800 INFO     scrapers.LFR_gpx_scraper: Logging in to LFR
2025-05-17 16:45:10,701 INFO     scrapers.LFR_gpx_scraper: Login successful, dismissing post login banners
2025-05-17 16:45:11,011 INFO     scrapers.LFR_gpx_scraper: Post-login cookie consent dismissed
2025-05-17 16:45:11,011 INFO     scrapers.LFR_gpx_scraper: Fetching GPX for track '2025 Giro d'Italia Stage 8' (ID: 587244)
2025-05-17 16:45:19,914 INFO     scrapers.LFR_gpx_scraper: url = https://www.la-flamme-rouge.eu/maps/viewtrack/587244
2025-05-17 16:45:20,549 INFO     scrapers.LFR_gpx_scraper: No ad pop up found
2025-05-17 16:45:20,649 INFO     scrapers.LFR_gpx_scraper: No ad pop up found
2025-05-17 16:45:20,733 INFO     scrapers.LFR_gpx_scraper: No ad pop up found
2025-05-17 16:45:20,843 INFO     scrapers.LFR_gpx_scraper: No ad pop up found
2025-05-17 16:45:20,989 INFO     scrapers.LFR_gpx_scraper: No ad pop up found
2025-05-17 16:45:21,079 INFO     scrapers.LFR_gpx_scraper: No ad pop up found
2025-05-17 16:45:21,176 INFO     scrapers.LFR_gpx_scraper: No ad pop up found
2025-05-17 16:45:21,251 INFO     scrapers.LFR_gpx_scraper: No ad pop up found
2025-05-17 16:45:21,332 INFO     scrapers.LFR_gpx_scraper: No ad pop up found
2025-05-17 16:45:21,445 INFO     scrapers.LFR_gpx_scraper: No ad pop up found
2025-05-17 16:45:21,513 INFO     scrapers.LFR_gpx_scraper: No ad pop up found
2025-05-17 16:45:21,600 INFO     scrapers.LFR_gpx_scraper: No ad pop up found
2025-05-17 16:45:21,703 INFO     scrapers.LFR_gpx_scraper: No ad pop up found
2025-05-17 16:45:21,926 INFO     scrapers.LFR_gpx_scraper: No ad pop up found
2025-05-17 16:45:22,352 INFO     scrapers.LFR_gpx_scraper: No ad pop up found
2025-05-17 16:45:22,467 INFO     scrapers.LFR_gpx_scraper: No ad pop up found
2025-05-17 16:45:23,078 INFO     scrapers.LFR_gpx_scraper: Clicked GPX export for 587244
2025-05-17 16:45:27,104 INFO     scrapers.LFR_gpx_scraper: Download complete: C:\Users\JBrea\pro-cycling-analysis\services\pipeline\data\raw\giro-2025-stage-8.gpx
2025-05-17 16:45:27,104 INFO     scrapers.LFR_gpx_scraper: Renaming to C:\Users\JBrea\pro-cycling-analysis\services\pipeline\data\raw\2025 Giro d'Italia Stage 8.gpx
2025-05-17 16:45:27,106 INFO     scrapers.LFR_gpx_scraper: Renamed GPX to: C:\Users\JBrea\pro-cycling-analysis\services\pipeline\data\raw\2025 Giro d'Italia Stage 8.gpx
2025-05-17 16:45:29,689 INFO     scrapers.LFR_gpx_scraper: WebDriver closed
2025-05-17 16:45:29,691 INFO     pipelines.gpx_parser: Starting GPX parsing in directory: data/raw
2025-05-17 16:45:29,691 INFO     pipelines.gpx_parser: Processing 2025 Giro d'Italia Stage 8.gpx...
2025-05-17 16:45:30,038 INFO     pipelines.gpx_parser: Saved parsed data to data/gpx_parsed\2025 Giro d'Italia Stage 8.csv
2025-05-17 16:45:30,038 INFO     pipelines.gpx_parser: Processing marsia-2025.gpx...
2025-05-17 16:45:30,349 INFO     pipelines.gpx_parser: Saved parsed data to data/gpx_parsed\marsia-2025.csv
2025-05-17 16:45:30,349 INFO     pipelines.gpx_parser: All GPX files in directory have been processed.
2025-05-17 16:59:25,498 INFO     scrapers.LFR_gpx_scraper: Fetching calendar page: https://www.la-flamme-rouge.eu/index.php
2025-05-17 16:59:27,012 INFO     scrapers.LFR_gpx_scraper: Discovered track: 2025 Giro d'Italia Stage 8 -> 587244
2025-05-17 16:59:27,024 INFO     WDM: ====== WebDriver manager ======
2025-05-17 16:59:30,031 INFO     WDM: Get LATEST chromedriver version for google-chrome
2025-05-17 16:59:30,346 INFO     WDM: Get LATEST chromedriver version for google-chrome
2025-05-17 16:59:31,154 INFO     WDM: Driver [C:\Users\JBrea\.wdm\drivers\chromedriver\win64\136.0.7103.94\chromedriver-win32/chromedriver.exe] found in cache
2025-05-17 16:59:32,858 INFO     scrapers.LFR_gpx_scraper: Logging in to LFR
2025-05-17 16:59:54,713 INFO     scrapers.LFR_gpx_scraper: Login successful, dismissing post login banners
2025-05-17 16:59:55,050 INFO     scrapers.LFR_gpx_scraper: Post-login cookie consent dismissed
2025-05-17 16:59:55,050 INFO     scrapers.LFR_gpx_scraper: Fetching GPX for track '2025 Giro d'Italia Stage 8' (ID: 587244)
2025-05-17 17:03:47,258 INFO     scrapers.LFR_gpx_scraper: Fetching calendar page: https://www.la-flamme-rouge.eu/index.php
2025-05-17 17:03:49,188 INFO     scrapers.LFR_gpx_scraper: Discovered track: 2025 Giro d'Italia Stage 8 -> 587244
2025-05-17 17:03:49,188 INFO     WDM: ====== WebDriver manager ======
2025-05-17 17:03:51,375 INFO     WDM: Get LATEST chromedriver version for google-chrome
2025-05-17 17:03:51,712 INFO     WDM: Get LATEST chromedriver version for google-chrome
2025-05-17 17:03:51,859 INFO     WDM: Driver [C:\Users\JBrea\.wdm\drivers\chromedriver\win64\136.0.7103.94\chromedriver-win32/chromedriver.exe] found in cache
2025-05-17 17:03:53,412 INFO     scrapers.LFR_gpx_scraper: Logging in to LFR
2025-05-17 17:04:14,114 INFO     scrapers.LFR_gpx_scraper: Login successful, dismissing post login banners
2025-05-17 17:04:14,421 INFO     scrapers.LFR_gpx_scraper: Post-login cookie consent dismissed
2025-05-17 17:04:14,421 INFO     scrapers.LFR_gpx_scraper: Fetching GPX for track '2025 Giro d'Italia Stage 8' (ID: 587244)
2025-05-17 17:04:25,001 INFO     scrapers.LFR_gpx_scraper: url = https://www.la-flamme-rouge.eu/maps/viewtrack/587244
2025-05-17 17:04:25,680 INFO     scrapers.LFR_gpx_scraper: No ad pop up found
2025-05-17 17:04:25,879 INFO     scrapers.LFR_gpx_scraper: No ad pop up found
2025-05-17 17:04:26,033 INFO     scrapers.LFR_gpx_scraper: No ad pop up found
2025-05-17 17:04:26,632 INFO     scrapers.LFR_gpx_scraper: No ad pop up found
2025-05-17 17:04:26,792 INFO     scrapers.LFR_gpx_scraper: No ad pop up found
2025-05-17 17:04:26,891 INFO     scrapers.LFR_gpx_scraper: No ad pop up found
2025-05-17 17:04:26,996 INFO     scrapers.LFR_gpx_scraper: No ad pop up found
2025-05-17 17:04:27,128 INFO     scrapers.LFR_gpx_scraper: No ad pop up found
2025-05-17 17:04:27,266 INFO     scrapers.LFR_gpx_scraper: No ad pop up found
2025-05-17 17:04:27,396 INFO     scrapers.LFR_gpx_scraper: No ad pop up found
2025-05-17 17:04:27,520 INFO     scrapers.LFR_gpx_scraper: No ad pop up found
2025-05-17 17:04:27,643 INFO     scrapers.LFR_gpx_scraper: No ad pop up found
2025-05-17 17:04:27,793 INFO     scrapers.LFR_gpx_scraper: No ad pop up found
2025-05-17 17:04:27,940 INFO     scrapers.LFR_gpx_scraper: No ad pop up found
2025-05-17 17:04:28,022 INFO     scrapers.LFR_gpx_scraper: No ad pop up found
2025-05-17 17:04:28,103 INFO     scrapers.LFR_gpx_scraper: No ad pop up found
2025-05-17 17:04:28,179 INFO     scrapers.LFR_gpx_scraper: No ad pop up found
2025-05-17 17:04:28,244 INFO     scrapers.LFR_gpx_scraper: No ad pop up found
2025-05-17 17:04:28,344 INFO     scrapers.LFR_gpx_scraper: No ad pop up found
2025-05-17 17:04:32,197 INFO     scrapers.LFR_gpx_scraper: WebDriver closed
2025-05-17 17:05:03,228 INFO     scrapers.LFR_gpx_scraper: Fetching calendar page: https://www.la-flamme-rouge.eu/index.php
2025-05-17 17:05:06,475 INFO     scrapers.LFR_gpx_scraper: Discovered track: 2025 Giro d'Italia Stage 8 -> 587244
2025-05-17 17:05:06,486 INFO     WDM: ====== WebDriver manager ======
2025-05-17 17:05:08,968 INFO     WDM: Get LATEST chromedriver version for google-chrome
2025-05-17 17:05:09,407 INFO     WDM: Get LATEST chromedriver version for google-chrome
2025-05-17 17:05:09,712 INFO     WDM: Driver [C:\Users\JBrea\.wdm\drivers\chromedriver\win64\136.0.7103.94\chromedriver-win32/chromedriver.exe] found in cache
2025-05-17 17:05:11,133 INFO     scrapers.LFR_gpx_scraper: Logging in to LFR
2025-05-17 17:05:32,822 INFO     scrapers.LFR_gpx_scraper: Login successful, dismissing post login banners
2025-05-17 17:05:33,167 INFO     scrapers.LFR_gpx_scraper: Post-login cookie consent dismissed
2025-05-17 17:05:33,167 INFO     scrapers.LFR_gpx_scraper: Fetching GPX for track '2025 Giro d'Italia Stage 8' (ID: 587244)
2025-05-17 17:05:43,957 INFO     scrapers.LFR_gpx_scraper: url = https://www.la-flamme-rouge.eu/maps/viewtrack/587244
2025-05-17 17:05:44,343 INFO     scrapers.LFR_gpx_scraper: No ad pop up found
2025-05-17 17:05:44,443 INFO     scrapers.LFR_gpx_scraper: No ad pop up found
2025-05-17 17:05:44,541 INFO     scrapers.LFR_gpx_scraper: No ad pop up found
2025-05-17 17:05:44,858 INFO     scrapers.LFR_gpx_scraper: No ad pop up found
2025-05-17 17:05:45,092 INFO     scrapers.LFR_gpx_scraper: No ad pop up found
2025-05-17 17:05:45,457 INFO     scrapers.LFR_gpx_scraper: No ad pop up found
2025-05-17 17:05:45,622 INFO     scrapers.LFR_gpx_scraper: No ad pop up found
2025-05-17 17:05:45,880 INFO     scrapers.LFR_gpx_scraper: No ad pop up found
2025-05-17 17:05:46,037 INFO     scrapers.LFR_gpx_scraper: No ad pop up found
2025-05-17 17:05:46,178 INFO     scrapers.LFR_gpx_scraper: No ad pop up found
2025-05-17 17:05:46,271 INFO     scrapers.LFR_gpx_scraper: No ad pop up found
2025-05-17 17:05:46,358 INFO     scrapers.LFR_gpx_scraper: No ad pop up found
2025-05-17 17:05:46,443 INFO     scrapers.LFR_gpx_scraper: No ad pop up found
2025-05-17 17:05:46,540 INFO     scrapers.LFR_gpx_scraper: No ad pop up found
2025-05-17 17:05:46,619 INFO     scrapers.LFR_gpx_scraper: No ad pop up found
2025-05-17 17:05:46,711 INFO     scrapers.LFR_gpx_scraper: No ad pop up found
2025-05-17 17:05:46,812 INFO     scrapers.LFR_gpx_scraper: No ad pop up found
2025-05-17 17:05:46,895 INFO     scrapers.LFR_gpx_scraper: No ad pop up found
2025-05-17 17:05:47,246 INFO     scrapers.LFR_gpx_scraper: Clicked GPX export for 587244
2025-05-17 17:05:50,259 INFO     scrapers.LFR_gpx_scraper: Download complete: C:\Users\JBrea\pro-cycling-analysis\services\pipeline\data\raw\giro-2025-stage-8.gpx
2025-05-17 17:05:50,261 INFO     scrapers.LFR_gpx_scraper: Renaming to C:\Users\JBrea\pro-cycling-analysis\services\pipeline\data\raw\2025 Giro d'Italia Stage 8_1.gpx
2025-05-17 17:05:50,261 INFO     scrapers.LFR_gpx_scraper: Renamed GPX to: C:\Users\JBrea\pro-cycling-analysis\services\pipeline\data\raw\2025 Giro d'Italia Stage 8_1.gpx
2025-05-17 17:05:52,621 INFO     scrapers.LFR_gpx_scraper: WebDriver closed
2025-05-17 17:05:52,621 INFO     pipelines.gpx_parser: Starting GPX parsing in directory: data/raw
2025-05-17 17:05:52,623 INFO     pipelines.gpx_parser: Processing 2025 Giro d'Italia Stage 8.gpx...
2025-05-17 17:05:53,039 INFO     pipelines.gpx_parser: Saved parsed data to data/gpx_parsed\2025 Giro d'Italia Stage 8.csv
2025-05-17 17:05:53,039 INFO     pipelines.gpx_parser: Processing 2025 Giro d'Italia Stage 8_1.gpx...
2025-05-17 17:05:53,385 INFO     pipelines.gpx_parser: Saved parsed data to data/gpx_parsed\2025 Giro d'Italia Stage 8_1.csv
2025-05-17 17:05:53,385 INFO     pipelines.gpx_parser: Processing giro-2025-stage-8.gpx...
2025-05-18 13:42:00,050 INFO     scrapers.LFR_gpx_scraper: Fetching calendar page: https://www.la-flamme-rouge.eu/index.php
2025-05-18 13:42:01,682 INFO     scrapers.LFR_gpx_scraper: Discovered track: 2025 Giro d'Italia Stage 9 -> 587301
2025-05-18 13:42:01,683 INFO     WDM: ====== WebDriver manager ======
2025-05-18 13:42:04,577 INFO     WDM: Get LATEST chromedriver version for google-chrome
2025-05-18 13:42:04,710 INFO     WDM: Get LATEST chromedriver version for google-chrome
2025-05-18 13:42:04,785 INFO     WDM: Get LATEST chromedriver version for google-chrome
2025-05-18 13:42:05,009 INFO     WDM: WebDriver version 136.0.7103.94 selected
2025-05-18 13:42:05,009 INFO     WDM: Modern chrome version https://storage.googleapis.com/chrome-for-testing-public/136.0.7103.94/win32/chromedriver-win32.zip
2025-05-18 13:42:05,018 INFO     WDM: About to download new driver from https://storage.googleapis.com/chrome-for-testing-public/136.0.7103.94/win32/chromedriver-win32.zip
2025-05-18 13:42:05,161 INFO     WDM: Driver downloading response is 200
2025-05-18 13:42:09,216 INFO     WDM: Get LATEST chromedriver version for google-chrome
2025-05-18 13:42:09,571 INFO     WDM: Driver has been saved in cache [C:\Users\JBrea\.wdm\drivers\chromedriver\win64\136.0.7103.94]
2025-05-18 13:42:11,595 INFO     scrapers.LFR_gpx_scraper: Logging in to LFR
2025-05-18 13:42:40,982 INFO     scrapers.LFR_gpx_scraper: Login successful, dismissing post login banners
2025-05-18 13:42:41,347 INFO     scrapers.LFR_gpx_scraper: Post-login cookie consent dismissed
2025-05-18 13:42:41,347 INFO     scrapers.LFR_gpx_scraper: Fetching GPX for track '2025 Giro d'Italia Stage 9' (ID: 587301)
2025-05-18 13:43:01,210 INFO     scrapers.LFR_gpx_scraper: url = https://www.la-flamme-rouge.eu/maps/viewtrack/587301
2025-05-18 13:43:01,698 INFO     scrapers.LFR_gpx_scraper: No ad pop up found
2025-05-18 13:43:01,880 INFO     scrapers.LFR_gpx_scraper: No ad pop up found
2025-05-18 13:43:02,042 INFO     scrapers.LFR_gpx_scraper: No ad pop up found
2025-05-18 13:43:02,140 INFO     scrapers.LFR_gpx_scraper: No ad pop up found
2025-05-18 13:43:02,302 INFO     scrapers.LFR_gpx_scraper: No ad pop up found
2025-05-18 13:43:02,434 INFO     scrapers.LFR_gpx_scraper: No ad pop up found
2025-05-18 13:43:02,612 INFO     scrapers.LFR_gpx_scraper: No ad pop up found
2025-05-18 13:43:02,783 INFO     scrapers.LFR_gpx_scraper: No ad pop up found
2025-05-18 13:43:02,963 INFO     scrapers.LFR_gpx_scraper: No ad pop up found
2025-05-18 13:43:03,077 INFO     scrapers.LFR_gpx_scraper: No ad pop up found
2025-05-18 13:43:03,258 INFO     scrapers.LFR_gpx_scraper: No ad pop up found
2025-05-18 13:43:04,028 INFO     scrapers.LFR_gpx_scraper: No ad pop up found
2025-05-18 13:43:04,184 INFO     scrapers.LFR_gpx_scraper: No ad pop up found
2025-05-18 13:43:04,329 INFO     scrapers.LFR_gpx_scraper: No ad pop up found
2025-05-18 13:43:04,526 INFO     scrapers.LFR_gpx_scraper: No ad pop up found
2025-05-18 13:43:04,743 INFO     scrapers.LFR_gpx_scraper: No ad pop up found
2025-05-18 13:43:04,863 INFO     scrapers.LFR_gpx_scraper: No ad pop up found
2025-05-18 13:43:05,417 INFO     scrapers.LFR_gpx_scraper: Clicked GPX export for 587301
2025-05-18 13:43:10,444 INFO     scrapers.LFR_gpx_scraper: Download complete: C:\Users\JBrea\pro-cycling-analysis\services\pipeline\data\raw\giro-2025-rumored-stage-9.gpx
2025-05-18 13:43:10,444 INFO     scrapers.LFR_gpx_scraper: Renaming to C:\Users\JBrea\pro-cycling-analysis\services\pipeline\data\raw\2025 Giro d'Italia Stage 9.gpx
2025-05-18 13:43:10,448 INFO     scrapers.LFR_gpx_scraper: Renamed GPX to: C:\Users\JBrea\pro-cycling-analysis\services\pipeline\data\raw\2025 Giro d'Italia Stage 9.gpx
2025-05-18 13:43:13,040 INFO     scrapers.LFR_gpx_scraper: WebDriver closed
2025-05-18 13:43:13,042 INFO     pipelines.gpx_parser: Starting GPX parsing in directory: data/raw
2025-05-18 13:43:13,042 INFO     pipelines.gpx_parser: Processing 2025 Giro d'Italia Stage 9.gpx...
2025-05-18 13:43:13,693 INFO     pipelines.gpx_parser: Saved parsed data to data/gpx_parsed\2025 Giro d'Italia Stage 9.csv
2025-05-18 13:43:13,695 INFO     pipelines.gpx_parser: Processing marsia-2025.gpx...
2025-05-18 13:43:14,139 INFO     pipelines.gpx_parser: Saved parsed data to data/gpx_parsed\marsia-2025.csv
2025-05-18 13:43:14,139 INFO     pipelines.gpx_parser: All GPX files in directory have been processed.
2025-05-18 13:51:34,105 INFO     pipelines.gpx_parser: Starting GPX parsing in directory: data/raw
2025-05-18 13:51:34,105 INFO     pipelines.gpx_parser: Processing 2025 Giro d'Italia Stage 9.gpx...
2025-05-18 13:51:34,440 INFO     pipelines.gpx_parser: Saved parsed data to data/gpx_parsed\2025 Giro d'Italia Stage 9.csv
2025-05-18 13:51:34,440 INFO     pipelines.gpx_parser: Processing marsia-2025.gpx...
2025-05-18 13:51:34,765 INFO     pipelines.gpx_parser: Saved parsed data to data/gpx_parsed\marsia-2025.csv
2025-05-18 13:51:34,765 INFO     pipelines.gpx_parser: All GPX files in directory have been processed.
2025-05-18 14:12:34,756 INFO     WDM: ====== WebDriver manager ======
2025-05-18 14:12:39,039 INFO     WDM: Get LATEST chromedriver version for google-chrome
2025-05-18 14:12:40,043 INFO     WDM: Get LATEST chromedriver version for google-chrome
2025-05-18 14:12:42,165 INFO     WDM: Driver [C:\Users\JBrea\.wdm\drivers\chromedriver\win64\136.0.7103.94\chromedriver-win32/chromedriver.exe] found in cache
2025-05-18 14:12:44,808 INFO     scrapers.LFR_gpx_scraper: Logging in to LFR
2025-05-18 14:13:36,083 INFO     scrapers.LFR_gpx_scraper: Login successful, dismissing post login banners
2025-05-18 14:13:36,630 INFO     scrapers.LFR_gpx_scraper: Post-login cookie consent dismissed
2025-05-18 14:13:36,630 INFO     scrapers.LFR_gpx_scraper: Fetching GPX for track '2025 Giro d'Italia Stage 8' (ID: 587244)
2025-05-18 14:14:02,718 INFO     scrapers.LFR_gpx_scraper: url = https://www.la-flamme-rouge.eu/maps/viewtrack/587244
2025-05-18 14:14:03,336 INFO     scrapers.LFR_gpx_scraper: No ad pop up found
2025-05-18 14:14:03,542 INFO     scrapers.LFR_gpx_scraper: No ad pop up found
2025-05-18 14:14:03,691 INFO     scrapers.LFR_gpx_scraper: No ad pop up found
2025-05-18 14:14:03,948 INFO     scrapers.LFR_gpx_scraper: No ad pop up found
2025-05-18 14:14:04,068 INFO     scrapers.LFR_gpx_scraper: No ad pop up found
2025-05-18 14:14:04,205 INFO     scrapers.LFR_gpx_scraper: No ad pop up found
2025-05-18 14:14:04,380 INFO     scrapers.LFR_gpx_scraper: No ad pop up found
2025-05-18 14:14:04,562 INFO     scrapers.LFR_gpx_scraper: No ad pop up found
2025-05-18 14:14:04,719 INFO     scrapers.LFR_gpx_scraper: No ad pop up found
2025-05-18 14:14:04,847 INFO     scrapers.LFR_gpx_scraper: No ad pop up found
2025-05-18 14:14:05,054 INFO     scrapers.LFR_gpx_scraper: No ad pop up found
2025-05-18 14:14:05,170 INFO     scrapers.LFR_gpx_scraper: No ad pop up found
2025-05-18 14:14:05,294 INFO     scrapers.LFR_gpx_scraper: No ad pop up found
2025-05-18 14:14:05,460 INFO     scrapers.LFR_gpx_scraper: No ad pop up found
2025-05-18 14:14:05,683 INFO     scrapers.LFR_gpx_scraper: No ad pop up found
2025-05-18 14:14:05,825 INFO     scrapers.LFR_gpx_scraper: No ad pop up found
2025-05-18 14:14:06,006 INFO     scrapers.LFR_gpx_scraper: No ad pop up found
2025-05-18 14:14:06,157 INFO     scrapers.LFR_gpx_scraper: No ad pop up found
2025-05-18 14:14:06,875 INFO     scrapers.LFR_gpx_scraper: Clicked GPX export for 587244
2025-05-18 14:14:09,402 INFO     scrapers.LFR_gpx_scraper: Download complete: C:\Users\JBrea\pro-cycling-analysis\services\pipeline\data\raw\giro-2025-stage-8.gpx
2025-05-18 14:14:09,402 INFO     scrapers.LFR_gpx_scraper: Renaming to C:\Users\JBrea\pro-cycling-analysis\services\pipeline\data\raw\2025 Giro d'Italia Stage 8.gpx
2025-05-18 14:14:09,404 INFO     scrapers.LFR_gpx_scraper: Renamed GPX to: C:\Users\JBrea\pro-cycling-analysis\services\pipeline\data\raw\2025 Giro d'Italia Stage 8.gpx
2025-05-18 14:14:12,008 INFO     scrapers.LFR_gpx_scraper: WebDriver closed
2025-05-18 14:15:15,964 INFO     WDM: ====== WebDriver manager ======
2025-05-18 14:15:18,683 INFO     WDM: Get LATEST chromedriver version for google-chrome
2025-05-18 14:15:19,145 INFO     WDM: Get LATEST chromedriver version for google-chrome
2025-05-18 14:15:19,658 INFO     WDM: Driver [C:\Users\JBrea\.wdm\drivers\chromedriver\win64\136.0.7103.94\chromedriver-win32/chromedriver.exe] found in cache
2025-05-18 14:15:21,687 INFO     scrapers.LFR_gpx_scraper: Logging in to LFR
2025-05-18 14:15:47,295 INFO     scrapers.LFR_gpx_scraper: Login successful, dismissing post login banners
2025-05-18 14:15:47,997 INFO     scrapers.LFR_gpx_scraper: Post-login cookie consent dismissed
2025-05-18 14:15:47,997 INFO     scrapers.LFR_gpx_scraper: Fetching GPX for track '2025 Giro d'Italia Stage 8' (ID: 587244)
2025-05-18 14:16:05,722 INFO     scrapers.LFR_gpx_scraper: url = https://www.la-flamme-rouge.eu/maps/viewtrack/587244
2025-05-18 14:16:06,021 INFO     scrapers.LFR_gpx_scraper: No ad pop up found
2025-05-18 14:16:06,361 INFO     scrapers.LFR_gpx_scraper: No ad pop up found
2025-05-18 14:16:06,778 INFO     scrapers.LFR_gpx_scraper: No ad pop up found
2025-05-18 14:16:07,080 INFO     scrapers.LFR_gpx_scraper: No ad pop up found
2025-05-18 14:16:07,265 INFO     scrapers.LFR_gpx_scraper: No ad pop up found
2025-05-18 14:16:07,458 INFO     scrapers.LFR_gpx_scraper: No ad pop up found
2025-05-18 14:16:07,660 INFO     scrapers.LFR_gpx_scraper: No ad pop up found
2025-05-18 14:16:07,873 INFO     scrapers.LFR_gpx_scraper: No ad pop up found
2025-05-18 14:16:08,011 INFO     scrapers.LFR_gpx_scraper: No ad pop up found
2025-05-18 14:16:08,174 INFO     scrapers.LFR_gpx_scraper: No ad pop up found
2025-05-18 14:16:08,314 INFO     scrapers.LFR_gpx_scraper: No ad pop up found
2025-05-18 14:16:08,453 INFO     scrapers.LFR_gpx_scraper: No ad pop up found
2025-05-18 14:16:08,575 INFO     scrapers.LFR_gpx_scraper: No ad pop up found
2025-05-18 14:16:08,691 INFO     scrapers.LFR_gpx_scraper: No ad pop up found
2025-05-18 14:16:08,942 INFO     scrapers.LFR_gpx_scraper: No ad pop up found
2025-05-18 14:16:09,612 INFO     scrapers.LFR_gpx_scraper: Clicked GPX export for 587244
2025-05-18 14:16:11,622 INFO     scrapers.LFR_gpx_scraper: Download complete: C:\Users\JBrea\pro-cycling-analysis\services\pipeline\data\raw\giro-2025-stage-8.gpx
2025-05-18 14:16:11,622 INFO     scrapers.LFR_gpx_scraper: Renaming to C:\Users\JBrea\pro-cycling-analysis\services\pipeline\data\raw\2025 Giro d'Italia Stage 8.gpx
2025-05-18 14:16:11,628 INFO     scrapers.LFR_gpx_scraper: Renamed GPX to: C:\Users\JBrea\pro-cycling-analysis\services\pipeline\data\raw\2025 Giro d'Italia Stage 8.gpx
2025-05-18 14:16:16,022 INFO     scrapers.LFR_gpx_scraper: WebDriver closed
2025-05-18 14:16:27,970 INFO     WDM: ====== WebDriver manager ======
2025-05-18 14:16:32,696 INFO     WDM: Get LATEST chromedriver version for google-chrome
2025-05-18 14:16:33,239 INFO     WDM: Get LATEST chromedriver version for google-chrome
2025-05-18 14:16:34,797 INFO     WDM: Driver [C:\Users\JBrea\.wdm\drivers\chromedriver\win64\136.0.7103.94\chromedriver-win32/chromedriver.exe] found in cache
2025-05-18 14:16:36,500 INFO     scrapers.LFR_gpx_scraper: Logging in to LFR
2025-05-18 14:17:12,045 INFO     scrapers.LFR_gpx_scraper: Login successful, dismissing post login banners
2025-05-18 14:17:12,594 INFO     scrapers.LFR_gpx_scraper: Post-login cookie consent dismissed
2025-05-18 14:17:12,594 INFO     scrapers.LFR_gpx_scraper: Fetching GPX for track '2025 Giro d'Italia Stage 8' (ID: 587244)
2025-05-18 14:17:26,674 INFO     scrapers.LFR_gpx_scraper: url = https://www.la-flamme-rouge.eu/maps/viewtrack/587244
2025-05-18 14:17:26,838 INFO     scrapers.LFR_gpx_scraper: No ad pop up found
2025-05-18 14:17:26,969 INFO     scrapers.LFR_gpx_scraper: No ad pop up found
2025-05-18 14:17:27,199 INFO     scrapers.LFR_gpx_scraper: No ad pop up found
2025-05-18 14:17:27,377 INFO     scrapers.LFR_gpx_scraper: No ad pop up found
2025-05-18 14:17:27,662 INFO     scrapers.LFR_gpx_scraper: No ad pop up found
2025-05-18 14:17:27,772 INFO     scrapers.LFR_gpx_scraper: No ad pop up found
2025-05-18 14:17:27,876 INFO     scrapers.LFR_gpx_scraper: No ad pop up found
2025-05-18 14:17:27,974 INFO     scrapers.LFR_gpx_scraper: No ad pop up found
2025-05-18 14:17:28,131 INFO     scrapers.LFR_gpx_scraper: No ad pop up found
2025-05-18 14:17:28,278 INFO     scrapers.LFR_gpx_scraper: No ad pop up found
2025-05-18 14:17:28,410 INFO     scrapers.LFR_gpx_scraper: No ad pop up found
2025-05-18 14:17:28,517 INFO     scrapers.LFR_gpx_scraper: No ad pop up found
2025-05-18 14:17:28,639 INFO     scrapers.LFR_gpx_scraper: No ad pop up found
2025-05-18 14:17:28,755 INFO     scrapers.LFR_gpx_scraper: No ad pop up found
2025-05-18 14:17:28,854 INFO     scrapers.LFR_gpx_scraper: No ad pop up found
2025-05-18 14:17:29,236 INFO     scrapers.LFR_gpx_scraper: Clicked GPX export for 587244
2025-05-18 14:17:34,255 INFO     scrapers.LFR_gpx_scraper: Download complete: C:\Users\JBrea\pro-cycling-analysis\services\pipeline\data\raw\giro-2025-stage-8.gpx
2025-05-18 14:17:34,257 INFO     scrapers.LFR_gpx_scraper: Renaming to C:\Users\JBrea\pro-cycling-analysis\services\pipeline\data\raw\2025 Giro d'Italia Stage 8.gpx
2025-05-18 14:17:34,257 INFO     scrapers.LFR_gpx_scraper: Renamed GPX to: C:\Users\JBrea\pro-cycling-analysis\services\pipeline\data\raw\2025 Giro d'Italia Stage 8.gpx
2025-05-18 14:17:38,566 INFO     scrapers.LFR_gpx_scraper: WebDriver closed
2025-05-18 14:17:50,532 INFO     pipelines.gpx_parser: Starting GPX parsing in directory: data/raw
2025-05-18 14:17:50,536 INFO     pipelines.gpx_parser: Processing 2025 Giro d'Italia Stage 8.gpx...
2025-05-18 14:17:50,909 INFO     pipelines.gpx_parser: Saved parsed data to data/gpx_parsed\2025 Giro d'Italia Stage 8.csv
2025-05-18 14:17:50,909 INFO     pipelines.gpx_parser: Skipping 2025 Giro d'Italia Stage 9.gpx, already processed.
2025-05-18 14:17:50,909 INFO     pipelines.gpx_parser: Skipping marsia-2025.gpx, already processed.
2025-05-18 14:17:50,909 INFO     pipelines.gpx_parser: All GPX files in directory have been processed.
2025-05-19 10:29:11,387 INFO     scrapers.LFR_gpx_scraper: Fetching calendar page: https://www.la-flamme-rouge.eu/index.php
2025-05-19 10:29:50,644 ERROR    scrapers.LFR_gpx_scraper: Failed to fetch calendar
urllib3.exceptions.ResponseError: too many 503 error responses

The above exception was the direct cause of the following exception:

Traceback (most recent call last):
  File "C:\Users\JBrea\pro-cycling-analysis\.venv\Lib\site-packages\requests\adapters.py", line 667, in send
    resp = conn.urlopen(
           ^^^^^^^^^^^^^
  File "C:\Users\JBrea\pro-cycling-analysis\.venv\Lib\site-packages\urllib3\connectionpool.py", line 942, in urlopen
    return self.urlopen(
           ^^^^^^^^^^^^^
  File "C:\Users\JBrea\pro-cycling-analysis\.venv\Lib\site-packages\urllib3\connectionpool.py", line 942, in urlopen
    return self.urlopen(
           ^^^^^^^^^^^^^
  File "C:\Users\JBrea\pro-cycling-analysis\.venv\Lib\site-packages\urllib3\connectionpool.py", line 942, in urlopen
    return self.urlopen(
           ^^^^^^^^^^^^^
  [Previous line repeated 2 more times]
  File "C:\Users\JBrea\pro-cycling-analysis\.venv\Lib\site-packages\urllib3\connectionpool.py", line 932, in urlopen
    retries = retries.increment(method, url, response=response, _pool=self)
              ^^^^^^^^^^^^^^^^^^^^^^^^^^^^^^^^^^^^^^^^^^^^^^^^^^^^^^^^^^^^^
  File "C:\Users\JBrea\pro-cycling-analysis\.venv\Lib\site-packages\urllib3\util\retry.py", line 519, in increment
    raise MaxRetryError(_pool, url, reason) from reason  # type: ignore[arg-type]
    ^^^^^^^^^^^^^^^^^^^^^^^^^^^^^^^^^^^^^^^^^^^^^^^^^^^
urllib3.exceptions.MaxRetryError: HTTPSConnectionPool(host='www.la-flamme-rouge.eu', port=443): Max retries exceeded with url: /index.php (Caused by ResponseError('too many 503 error responses'))

During handling of the above exception, another exception occurred:

Traceback (most recent call last):
  File "C:\Users\JBrea\pro-cycling-analysis\services\pipeline\scrapers\LFR_gpx_scraper.py", line 53, in get_track_ids
    r = sess.get(url, timeout=10)
        ^^^^^^^^^^^^^^^^^^^^^^^^^
  File "C:\Users\JBrea\pro-cycling-analysis\.venv\Lib\site-packages\requests\sessions.py", line 602, in get
    return self.request("GET", url, **kwargs)
           ^^^^^^^^^^^^^^^^^^^^^^^^^^^^^^^^^^
  File "C:\Users\JBrea\pro-cycling-analysis\.venv\Lib\site-packages\requests\sessions.py", line 589, in request
    resp = self.send(prep, **send_kwargs)
           ^^^^^^^^^^^^^^^^^^^^^^^^^^^^^^
  File "C:\Users\JBrea\pro-cycling-analysis\.venv\Lib\site-packages\requests\sessions.py", line 703, in send
    r = adapter.send(request, **kwargs)
        ^^^^^^^^^^^^^^^^^^^^^^^^^^^^^^^
  File "C:\Users\JBrea\pro-cycling-analysis\.venv\Lib\site-packages\requests\adapters.py", line 691, in send
    raise RetryError(e, request=request)
requests.exceptions.RetryError: HTTPSConnectionPool(host='www.la-flamme-rouge.eu', port=443): Max retries exceeded with url: /index.php (Caused by ResponseError('too many 503 error responses'))
2025-05-19 10:29:50,753 INFO     WDM: ====== WebDriver manager ======
2025-05-19 10:29:53,649 INFO     WDM: Get LATEST chromedriver version for google-chrome
2025-05-19 10:29:54,305 INFO     WDM: Get LATEST chromedriver version for google-chrome
2025-05-19 10:29:54,785 INFO     WDM: Get LATEST chromedriver version for google-chrome
2025-05-19 10:29:56,250 INFO     WDM: WebDriver version 136.0.7103.94 selected
2025-05-19 10:29:56,252 INFO     WDM: Modern chrome version https://storage.googleapis.com/chrome-for-testing-public/136.0.7103.94/win32/chromedriver-win32.zip
2025-05-19 10:29:56,252 INFO     WDM: About to download new driver from https://storage.googleapis.com/chrome-for-testing-public/136.0.7103.94/win32/chromedriver-win32.zip
2025-05-19 10:29:56,710 INFO     WDM: Driver downloading response is 200
2025-05-19 10:30:00,811 INFO     WDM: Get LATEST chromedriver version for google-chrome
2025-05-19 10:30:01,999 INFO     WDM: Driver has been saved in cache [C:\Users\JBrea\.wdm\drivers\chromedriver\win64\136.0.7103.94]
2025-05-19 10:30:03,609 INFO     scrapers.LFR_gpx_scraper: Logging in to LFR
2025-05-19 10:31:01,382 INFO     scrapers.LFR_gpx_scraper: Login successful, dismissing post login banners
2025-05-19 10:31:01,676 INFO     scrapers.LFR_gpx_scraper: Post-login cookie consent dismissed
2025-05-19 10:31:03,979 INFO     scrapers.LFR_gpx_scraper: WebDriver closed
2025-05-19 10:35:37,618 INFO     scrapers.LFR_gpx_scraper: Fetching calendar page: https://www.la-flamme-rouge.eu/index.php
2025-05-19 10:35:40,307 INFO     scrapers.LFR_gpx_scraper: No .UWT tracks found today
